0 info it worked if it ends with ok
1 verbose cli [ 'node',
1 verbose cli   '/usr/local/bin/npm',
1 verbose cli   'install',
1 verbose cli   '-g',
1 verbose cli   'generator-gulp-bootstrap' ]
2 info using npm@1.4.28
3 info using node@v0.10.33
4 verbose cache add [ 'generator-gulp-bootstrap', null ]
5 verbose cache add name=undefined spec="generator-gulp-bootstrap" args=["generator-gulp-bootstrap",null]
6 verbose parsed url { protocol: null,
6 verbose parsed url   slashes: null,
6 verbose parsed url   auth: null,
6 verbose parsed url   host: null,
6 verbose parsed url   port: null,
6 verbose parsed url   hostname: null,
6 verbose parsed url   hash: null,
6 verbose parsed url   search: null,
6 verbose parsed url   query: null,
6 verbose parsed url   pathname: 'generator-gulp-bootstrap',
6 verbose parsed url   path: 'generator-gulp-bootstrap',
6 verbose parsed url   href: 'generator-gulp-bootstrap' }
7 silly lockFile 9d8b027a-generator-gulp-bootstrap generator-gulp-bootstrap
8 verbose lock generator-gulp-bootstrap /Users/Macsimus/.npm/9d8b027a-generator-gulp-bootstrap.lock
9 silly lockFile 9d8b027a-generator-gulp-bootstrap generator-gulp-bootstrap
10 silly lockFile 9d8b027a-generator-gulp-bootstrap generator-gulp-bootstrap
11 verbose addNamed [ 'generator-gulp-bootstrap', '' ]
12 verbose addNamed [ null, '*' ]
13 silly lockFile 24d3d242-generator-gulp-bootstrap generator-gulp-bootstrap@
14 verbose lock generator-gulp-bootstrap@ /Users/Macsimus/.npm/24d3d242-generator-gulp-bootstrap.lock
15 silly addNameRange { name: 'generator-gulp-bootstrap', range: '*', hasData: false }
16 verbose request where is /generator-gulp-bootstrap
17 verbose request registry https://registry.npmjs.org/
18 verbose request id 5cc89c86c991b81d
19 verbose url raw /generator-gulp-bootstrap
20 verbose url resolving [ 'https://registry.npmjs.org/', './generator-gulp-bootstrap' ]
21 verbose url resolved https://registry.npmjs.org/generator-gulp-bootstrap
22 verbose request where is https://registry.npmjs.org/generator-gulp-bootstrap
23 info trying registry request attempt 1 at 12:12:21
24 http GET https://registry.npmjs.org/generator-gulp-bootstrap
25 http 200 https://registry.npmjs.org/generator-gulp-bootstrap
26 silly registry.get cb [ 200,
26 silly registry.get   { date: 'Mon, 09 Feb 2015 17:12:23 GMT',
26 silly registry.get     server: 'CouchDB/1.6.1 (Erlang OTP/R14B04)',
26 silly registry.get     etag: '"CHGY1HKQ917PBX2JOJE62V6WU"',
26 silly registry.get     'content-type': 'application/json',
26 silly registry.get     'cache-control': 'max-age=60',
26 silly registry.get     'content-length': '7823',
26 silly registry.get     'accept-ranges': 'bytes',
26 silly registry.get     via: '1.1 varnish',
26 silly registry.get     age: '0',
26 silly registry.get     'x-served-by': 'cache-atl6220-ATL',
26 silly registry.get     'x-cache': 'MISS',
26 silly registry.get     'x-cache-hits': '0',
26 silly registry.get     'x-timer': 'S1423501943.179806,VS0,VE38',
26 silly registry.get     vary: 'Accept',
26 silly registry.get     'keep-alive': 'timeout=10, max=50',
26 silly registry.get     connection: 'Keep-Alive' } ]
27 silly addNameRange number 2 { name: 'generator-gulp-bootstrap', range: '*', hasData: true }
28 silly addNameRange versions [ 'generator-gulp-bootstrap',
28 silly addNameRange   [ '0.0.1', '0.0.2', '0.0.3', '0.0.4' ] ]
29 verbose addNamed [ 'generator-gulp-bootstrap', '0.0.4' ]
30 verbose addNamed [ '0.0.4', '0.0.4' ]
31 silly lockFile 7e4a8d9c-generator-gulp-bootstrap-0-0-4 generator-gulp-bootstrap@0.0.4
32 verbose lock generator-gulp-bootstrap@0.0.4 /Users/Macsimus/.npm/7e4a8d9c-generator-gulp-bootstrap-0-0-4.lock
33 silly lockFile 3a586194-nerator-gulp-bootstrap-0-0-4-tgz https://registry.npmjs.org/generator-gulp-bootstrap/-/generator-gulp-bootstrap-0.0.4.tgz
34 verbose lock https://registry.npmjs.org/generator-gulp-bootstrap/-/generator-gulp-bootstrap-0.0.4.tgz /Users/Macsimus/.npm/3a586194-nerator-gulp-bootstrap-0-0-4-tgz.lock
35 verbose addRemoteTarball [ 'https://registry.npmjs.org/generator-gulp-bootstrap/-/generator-gulp-bootstrap-0.0.4.tgz',
35 verbose addRemoteTarball   'a2810f476c1ecd2aada3a2e7f054945b4c700605' ]
36 info retry fetch attempt 1 at 12:12:22
37 verbose fetch to= /var/folders/x5/lh_14tqx4ldc_09lxs08vvpm0000gn/T/npm-30010-Pfg5YLit/registry.npmjs.org/generator-gulp-bootstrap/-/generator-gulp-bootstrap-0.0.4.tgz
38 http GET https://registry.npmjs.org/generator-gulp-bootstrap/-/generator-gulp-bootstrap-0.0.4.tgz
39 http 200 https://registry.npmjs.org/generator-gulp-bootstrap/-/generator-gulp-bootstrap-0.0.4.tgz
40 silly lockFile 3a586194-nerator-gulp-bootstrap-0-0-4-tgz https://registry.npmjs.org/generator-gulp-bootstrap/-/generator-gulp-bootstrap-0.0.4.tgz
41 silly lockFile 3a586194-nerator-gulp-bootstrap-0-0-4-tgz https://registry.npmjs.org/generator-gulp-bootstrap/-/generator-gulp-bootstrap-0.0.4.tgz
42 silly lockFile 7e4a8d9c-generator-gulp-bootstrap-0-0-4 generator-gulp-bootstrap@0.0.4
43 silly lockFile 7e4a8d9c-generator-gulp-bootstrap-0-0-4 generator-gulp-bootstrap@0.0.4
44 silly lockFile 24d3d242-generator-gulp-bootstrap generator-gulp-bootstrap@
45 silly lockFile 24d3d242-generator-gulp-bootstrap generator-gulp-bootstrap@
46 silly resolved [ { name: 'generator-gulp-bootstrap',
46 silly resolved     version: '0.0.4',
46 silly resolved     description: 'Scaffold out a front-end web app using Sass (node-sass) by default',
46 silly resolved     license: 'BSD',
46 silly resolved     repository:
46 silly resolved      { type: 'git',
46 silly resolved        url: 'git://github.com/niallobrien/generator-gulp-bootstrap' },
46 silly resolved     author: { name: 'Niall O\'Brien' },
46 silly resolved     main: 'app/index.js',
46 silly resolved     engines: { node: '>=0.10.0', npm: '>=1.3' },
46 silly resolved     scripts: { test: 'mocha --reporter spec' },
46 silly resolved     files: [ 'app' ],
46 silly resolved     keywords:
46 silly resolved      [ 'yeoman-generator',
46 silly resolved        'web',
46 silly resolved        'app',
46 silly resolved        'front-end',
46 silly resolved        'h5bp',
46 silly resolved        'modernizr',
46 silly resolved        'jquery',
46 silly resolved        'gulp' ],
46 silly resolved     dependencies:
46 silly resolved      { chalk: '^0.4.0',
46 silly resolved        cheerio: '^0.15.0',
46 silly resolved        wiredep: '^1.4.3',
46 silly resolved        'yeoman-generator': '^0.16.0' },
46 silly resolved     peerDependencies: { yo: '>=1.0.0', 'generator-mocha': '>=0.1.0', gulp: '>=3.5.0' },
46 silly resolved     devDependencies: { mocha: '*' },
46 silly resolved     bugs: { url: 'https://github.com/niallobrien/generator-gulp-bootstrap/issues' },
46 silly resolved     homepage: 'https://github.com/niallobrien/generator-gulp-bootstrap',
46 silly resolved     _id: 'generator-gulp-bootstrap@0.0.4',
46 silly resolved     _shasum: 'a2810f476c1ecd2aada3a2e7f054945b4c700605',
46 silly resolved     _from: 'generator-gulp-bootstrap@',
46 silly resolved     _npmVersion: '1.4.9',
46 silly resolved     _npmUser: { name: 'niallobrien', email: 'me@niallobrien.me' },
46 silly resolved     maintainers: [ [Object] ],
46 silly resolved     dist:
46 silly resolved      { shasum: 'a2810f476c1ecd2aada3a2e7f054945b4c700605',
46 silly resolved        tarball: 'http://registry.npmjs.org/generator-gulp-bootstrap/-/generator-gulp-bootstrap-0.0.4.tgz' },
46 silly resolved     directories: {},
46 silly resolved     _resolved: 'https://registry.npmjs.org/generator-gulp-bootstrap/-/generator-gulp-bootstrap-0.0.4.tgz' } ]
47 info install generator-gulp-bootstrap@0.0.4 into /usr/local/lib
48 info installOne generator-gulp-bootstrap@0.0.4
49 verbose lib/node_modules/generator-gulp-bootstrap unbuild
50 verbose tar unpack /Users/Macsimus/.npm/generator-gulp-bootstrap/0.0.4/package.tgz
51 silly lockFile fb04f4b1-modules-generator-gulp-bootstrap tar:///usr/local/lib/node_modules/generator-gulp-bootstrap
52 verbose lock tar:///usr/local/lib/node_modules/generator-gulp-bootstrap /Users/Macsimus/.npm/fb04f4b1-modules-generator-gulp-bootstrap.lock
53 silly lockFile 1a9dd91c-gulp-bootstrap-0-0-4-package-tgz tar:///Users/Macsimus/.npm/generator-gulp-bootstrap/0.0.4/package.tgz
54 verbose lock tar:///Users/Macsimus/.npm/generator-gulp-bootstrap/0.0.4/package.tgz /Users/Macsimus/.npm/1a9dd91c-gulp-bootstrap-0-0-4-package-tgz.lock
55 silly gunzTarPerm modes [ '755', '644' ]
56 error Error: EACCES, mkdir '/usr/local/lib/node_modules/generator-gulp-bootstrap'
56 error  { [Error: EACCES, mkdir '/usr/local/lib/node_modules/generator-gulp-bootstrap']
56 error   errno: 3,
56 error   code: 'EACCES',
56 error   path: '/usr/local/lib/node_modules/generator-gulp-bootstrap',
56 error   fstream_type: 'Directory',
56 error   fstream_path: '/usr/local/lib/node_modules/generator-gulp-bootstrap',
56 error   fstream_class: 'DirWriter',
56 error   fstream_stack:
56 error    [ '/usr/local/lib/node_modules/npm/node_modules/fstream/lib/dir-writer.js:36:23',
56 error      '/usr/local/lib/node_modules/npm/node_modules/mkdirp/index.js:46:53',
56 error      'Object.oncomplete (fs.js:107:15)' ] }
57 error Please try running this command again as root/Administrator.
58 error System Darwin 14.0.0
59 error command "node" "/usr/local/bin/npm" "install" "-g" "generator-gulp-bootstrap"
60 error cwd /Users/Macsimus/wildenglish/wildenglish
61 error node -v v0.10.33
62 error npm -v 1.4.28
63 error path /usr/local/lib/node_modules/generator-gulp-bootstrap
64 error fstream_path /usr/local/lib/node_modules/generator-gulp-bootstrap
65 error fstream_type Directory
66 error fstream_class DirWriter
67 error code EACCES
68 error errno 3
69 error stack Error: EACCES, mkdir '/usr/local/lib/node_modules/generator-gulp-bootstrap'
70 error fstream_stack /usr/local/lib/node_modules/npm/node_modules/fstream/lib/dir-writer.js:36:23
70 error fstream_stack /usr/local/lib/node_modules/npm/node_modules/mkdirp/index.js:46:53
70 error fstream_stack Object.oncomplete (fs.js:107:15)
71 verbose exit [ 3, true ]
